<?xml version='1.0' encoding='UTF-8'?>
<testsuite hostname="My-Workstation" name="Datapath.TopFileTest" tests="1" errors="0" failures="0" skipped="0" time="4.584" timestamp="2021-10-13T11:59:32">
                     <properties>
[...]
</properties>
                     <testcase classname="Datapath.TopFileTest" name="Top File Test" time="4.584">
                                                 
                                               </testcase>
                     <system-out><![CDATA[]]></system-out>
                     <system-err><![CDATA[]]></system-err>
                   </testsuite>